events.js:141
      throw er; // Unhandled 'error' event
      ^

Error: listen EADDRINUSE :::8888
    at Object.exports._errnoException (util.js:870:11)
    at exports._exceptionWithHostPort (util.js:893:20)
    at Server._listen2 (net.js:1231:14)
    at listen (net.js:1267:10)
    at Server.listen (net.js:1363:5)
    at EventEmitter.listen (C:\node_fontes\node_modules\express\lib\application.js:617:24)
    at Object.<anonymous> (C:\node_fontes\rest1.js:128:5)
    at Module._compile (module.js:409:26)
    at Object.Module._extensions..js (module.js:416:10)
    at Module.load (module.js:343:32)
events.js:141
      throw er; // Unhandled 'error' event
      ^

Error: listen EADDRINUSE :::8888
    at Object.exports._errnoException (util.js:870:11)
    at exports._exceptionWithHostPort (util.js:893:20)
    at Server._listen2 (net.js:1231:14)
    at listen (net.js:1267:10)
    at Server.listen (net.js:1363:5)
    at EventEmitter.listen (C:\node_fontes\node_modules\express\lib\application.js:617:24)
    at Object.<anonymous> (C:\node_fontes\rest1.js:128:5)
    at Module._compile (module.js:409:26)
    at Object.Module._extensions..js (module.js:416:10)
    at Module.load (module.js:343:32)
(node) warning: possible EventEmitter memory leak detected. 11 error listeners added. Use emitter.setMaxListeners() to increase limit.
Trace
    at PoolConnection.addListener (events.js:239:17)
    at C:\node_fontes\rest1.js:38:20
    at C:\node_fontes\node_modules\mysql2\lib\pool.js:36:14
    at nextTickCallbackWith0Args (node.js:420:9)
    at process._tickCallback (node.js:349:13)
events.js:141
      throw er; // Unhandled 'error' event
      ^

Error: listen EADDRINUSE :::8888
    at Object.exports._errnoException (util.js:870:11)
    at exports._exceptionWithHostPort (util.js:893:20)
    at Server._listen2 (net.js:1231:14)
    at listen (net.js:1267:10)
    at Server.listen (net.js:1363:5)
    at EventEmitter.listen (C:\node_fontes\node_modules\express\lib\application.js:617:24)
    at Object.<anonymous> (C:\node_fontes\rest1.js:129:18)
    at Module._compile (module.js:409:26)
    at Object.Module._extensions..js (module.js:416:10)
    at Module.load (module.js:343:32)
events.js:141
      throw er; // Unhandled 'error' event
      ^

Error: listen EADDRINUSE :::8888
    at Object.exports._errnoException (util.js:870:11)
    at exports._exceptionWithHostPort (util.js:893:20)
    at Server._listen2 (net.js:1231:14)
    at listen (net.js:1267:10)
    at Server.listen (net.js:1363:5)
    at EventEmitter.listen (C:\node_fontes\node_modules\express\lib\application.js:617:24)
    at Object.<anonymous> (C:\node_fontes\rest1.js:129:18)
    at Module._compile (module.js:409:26)
    at Object.Module._extensions..js (module.js:416:10)
    at Module.load (module.js:343:32)
